<?xml version="1.0" encoding="UTF-8"?>
<!-- Generated by org.testng.reporters.JUnitReportReporter -->
<testsuite hostname="LAPTOP-JVVDUPAN" failures="0" tests="1" name="controller.ContronTestNG" time="38.823" errors="0" timestamp="2023-05-02T19:52:51 IST" skipped="0">
  <testcase classname="controller.ContronTestNG" name="runTest" time="38.823"/>
  <system-out/>
</testsuite> <!-- controller.ContronTestNG -->
